2025-05-11 16:26:28 [ERROR]: uncaughtException: Cannot find module '@prisma/client/runtime/library'
Require stack:
- C:\Users\Eseth\Desktop\projects\doctors\doctors-backend\src\api\middleware\error.middleware.js
- C:\Users\Eseth\Desktop\projects\doctors\doctors-backend\src\app.js
- C:\Users\Eseth\Desktop\projects\doctors\doctors-backend\src\index.js
Error: Cannot find module '@prisma/client/runtime/library'
Require stack:
- C:\Users\Eseth\Desktop\projects\doctors\doctors-backend\src\api\middleware\error.middleware.js
- C:\Users\Eseth\Desktop\projects\doctors\doctors-backend\src\app.js
- C:\Users\Eseth\Desktop\projects\doctors\doctors-backend\src\index.js
    at Function._resolveFilename (node:internal/modules/cjs/loader:1405:15)
    at defaultResolveImpl (node:internal/modules/cjs/loader:1061:19)
    at resolveForCJSWithHooks (node:internal/modules/cjs/loader:1066:22)
    at Function._load (node:internal/modules/cjs/loader:1215:37)
    at TracingChannel.traceSync (node:diagnostics_channel:322:14)
    at wrapModuleLoad (node:internal/modules/cjs/loader:235:24)
    at Module.require (node:internal/modules/cjs/loader:1491:12)
    at require (node:internal/modules/helpers:135:16)
    at Object.<anonymous> (C:\Users\Eseth\Desktop\projects\doctors\doctors-backend\src\api\middleware\error.middleware.js:4:5)
    at Module._compile (node:internal/modules/cjs/loader:1734:14) {
  "error": {
    "code": "MODULE_NOT_FOUND",
    "requireStack": [
      "C:\\Users\\Eseth\\Desktop\\projects\\doctors\\doctors-backend\\src\\api\\middleware\\error.middleware.js",
      "C:\\Users\\Eseth\\Desktop\\projects\\doctors\\doctors-backend\\src\\app.js",
      "C:\\Users\\Eseth\\Desktop\\projects\\doctors\\doctors-backend\\src\\index.js"
    ]
  },
  "stack": "Error: Cannot find module '@prisma/client/runtime/library'\nRequire stack:\n- C:\\Users\\Eseth\\Desktop\\projects\\doctors\\doctors-backend\\src\\api\\middleware\\error.middleware.js\n- C:\\Users\\Eseth\\Desktop\\projects\\doctors\\doctors-backend\\src\\app.js\n- C:\\Users\\Eseth\\Desktop\\projects\\doctors\\doctors-backend\\src\\index.js\n    at Function._resolveFilename (node:internal/modules/cjs/loader:1405:15)\n    at defaultResolveImpl (node:internal/modules/cjs/loader:1061:19)\n    at resolveForCJSWithHooks (node:internal/modules/cjs/loader:1066:22)\n    at Function._load (node:internal/modules/cjs/loader:1215:37)\n    at TracingChannel.traceSync (node:diagnostics_channel:322:14)\n    at wrapModuleLoad (node:internal/modules/cjs/loader:235:24)\n    at Module.require (node:internal/modules/cjs/loader:1491:12)\n    at require (node:internal/modules/helpers:135:16)\n    at Object.<anonymous> (C:\\Users\\Eseth\\Desktop\\projects\\doctors\\doctors-backend\\src\\api\\middleware\\error.middleware.js:4:5)\n    at Module._compile (node:internal/modules/cjs/loader:1734:14)",
  "exception": true,
  "date": "Sun May 11 2025 16:26:28 GMT+0200 (South Africa Standard Time)",
  "process": {
    "pid": 11012,
    "uid": null,
    "gid": null,
    "cwd": "C:\\Users\\Eseth\\Desktop\\projects\\doctors\\doctors-backend",
    "execPath": "C:\\Program Files\\nodejs\\node.exe",
    "version": "v23.8.0",
    "argv": [
      "C:\\Program Files\\nodejs\\node.exe",
      "C:\\Users\\Eseth\\Desktop\\projects\\doctors\\doctors-backend\\src\\index.js"
    ],
    "memoryUsage": {
      "rss": 49782784,
      "heapTotal": 18866176,
      "heapUsed": 11366088,
      "external": 2039091,
      "arrayBuffers": 18851
    }
  },
  "os": {
    "loadavg": [
      0,
      0,
      0
    ],
    "uptime": 2337.656
  },
  "trace": [
    {
      "column": 15,
      "file": "node:internal/modules/cjs/loader",
      "function": "Function._resolveFilename",
      "line": 1405,
      "method": "_resolveFilename",
      "native": false
    },
    {
      "column": 19,
      "file": "node:internal/modules/cjs/loader",
      "function": "defaultResolveImpl",
      "line": 1061,
      "method": null,
      "native": false
    },
    {
      "column": 22,
      "file": "node:internal/modules/cjs/loader",
      "function": "resolveForCJSWithHooks",
      "line": 1066,
      "method": null,
      "native": false
    },
    {
      "column": 37,
      "file": "node:internal/modules/cjs/loader",
      "function": "Function._load",
      "line": 1215,
      "method": "_load",
      "native": false
    },
    {
      "column": 14,
      "file": "node:diagnostics_channel",
      "function": "TracingChannel.traceSync",
      "line": 322,
      "method": "traceSync",
      "native": false
    },
    {
      "column": 24,
      "file": "node:internal/modules/cjs/loader",
      "function": "wrapModuleLoad",
      "line": 235,
      "method": null,
      "native": false
    },
    {
      "column": 12,
      "file": "node:internal/modules/cjs/loader",
      "function": "Module.require",
      "line": 1491,
      "method": "require",
      "native": false
    },
    {
      "column": 16,
      "file": "node:internal/modules/helpers",
      "function": "require",
      "line": 135,
      "method": null,
      "native": false
    },
    {
      "column": 5,
      "file": "C:\\Users\\Eseth\\Desktop\\projects\\doctors\\doctors-backend\\src\\api\\middleware\\error.middleware.js",
      "function": null,
      "line": 4,
      "method": null,
      "native": false
    },
    {
      "column": 14,
      "file": "node:internal/modules/cjs/loader",
      "function": "Module._compile",
      "line": 1734,
      "method": "_compile",
      "native": false
    }
  ]
}
2025-05-11 16:27:41 [ERROR]: uncaughtException: Cannot find module '@prisma/client/runtime/library'
Require stack:
- C:\Users\Eseth\Desktop\projects\doctors\doctors-backend\src\api\middleware\error.middleware.js
- C:\Users\Eseth\Desktop\projects\doctors\doctors-backend\src\app.js
- C:\Users\Eseth\Desktop\projects\doctors\doctors-backend\src\index.js
Error: Cannot find module '@prisma/client/runtime/library'
Require stack:
- C:\Users\Eseth\Desktop\projects\doctors\doctors-backend\src\api\middleware\error.middleware.js
- C:\Users\Eseth\Desktop\projects\doctors\doctors-backend\src\app.js
- C:\Users\Eseth\Desktop\projects\doctors\doctors-backend\src\index.js
    at Function._resolveFilename (node:internal/modules/cjs/loader:1405:15)
    at defaultResolveImpl (node:internal/modules/cjs/loader:1061:19)
    at resolveForCJSWithHooks (node:internal/modules/cjs/loader:1066:22)
    at Function._load (node:internal/modules/cjs/loader:1215:37)
    at TracingChannel.traceSync (node:diagnostics_channel:322:14)
    at wrapModuleLoad (node:internal/modules/cjs/loader:235:24)
    at Module.require (node:internal/modules/cjs/loader:1491:12)
    at require (node:internal/modules/helpers:135:16)
    at Object.<anonymous> (C:\Users\Eseth\Desktop\projects\doctors\doctors-backend\src\api\middleware\error.middleware.js:4:5)
    at Module._compile (node:internal/modules/cjs/loader:1734:14) {
  "error": {
    "code": "MODULE_NOT_FOUND",
    "requireStack": [
      "C:\\Users\\Eseth\\Desktop\\projects\\doctors\\doctors-backend\\src\\api\\middleware\\error.middleware.js",
      "C:\\Users\\Eseth\\Desktop\\projects\\doctors\\doctors-backend\\src\\app.js",
      "C:\\Users\\Eseth\\Desktop\\projects\\doctors\\doctors-backend\\src\\index.js"
    ]
  },
  "stack": "Error: Cannot find module '@prisma/client/runtime/library'\nRequire stack:\n- C:\\Users\\Eseth\\Desktop\\projects\\doctors\\doctors-backend\\src\\api\\middleware\\error.middleware.js\n- C:\\Users\\Eseth\\Desktop\\projects\\doctors\\doctors-backend\\src\\app.js\n- C:\\Users\\Eseth\\Desktop\\projects\\doctors\\doctors-backend\\src\\index.js\n    at Function._resolveFilename (node:internal/modules/cjs/loader:1405:15)\n    at defaultResolveImpl (node:internal/modules/cjs/loader:1061:19)\n    at resolveForCJSWithHooks (node:internal/modules/cjs/loader:1066:22)\n    at Function._load (node:internal/modules/cjs/loader:1215:37)\n    at TracingChannel.traceSync (node:diagnostics_channel:322:14)\n    at wrapModuleLoad (node:internal/modules/cjs/loader:235:24)\n    at Module.require (node:internal/modules/cjs/loader:1491:12)\n    at require (node:internal/modules/helpers:135:16)\n    at Object.<anonymous> (C:\\Users\\Eseth\\Desktop\\projects\\doctors\\doctors-backend\\src\\api\\middleware\\error.middleware.js:4:5)\n    at Module._compile (node:internal/modules/cjs/loader:1734:14)",
  "exception": true,
  "date": "Sun May 11 2025 16:27:41 GMT+0200 (South Africa Standard Time)",
  "process": {
    "pid": 7184,
    "uid": null,
    "gid": null,
    "cwd": "C:\\Users\\Eseth\\Desktop\\projects\\doctors\\doctors-backend",
    "execPath": "C:\\Program Files\\nodejs\\node.exe",
    "version": "v23.8.0",
    "argv": [
      "C:\\Program Files\\nodejs\\node.exe",
      "C:\\Users\\Eseth\\Desktop\\projects\\doctors\\doctors-backend\\src\\index.js"
    ],
    "memoryUsage": {
      "rss": 49250304,
      "heapTotal": 18866176,
      "heapUsed": 11366224,
      "external": 2039091,
      "arrayBuffers": 18851
    }
  },
  "os": {
    "loadavg": [
      0,
      0,
      0
    ],
    "uptime": 2410.218
  },
  "trace": [
    {
      "column": 15,
      "file": "node:internal/modules/cjs/loader",
      "function": "Function._resolveFilename",
      "line": 1405,
      "method": "_resolveFilename",
      "native": false
    },
    {
      "column": 19,
      "file": "node:internal/modules/cjs/loader",
      "function": "defaultResolveImpl",
      "line": 1061,
      "method": null,
      "native": false
    },
    {
      "column": 22,
      "file": "node:internal/modules/cjs/loader",
      "function": "resolveForCJSWithHooks",
      "line": 1066,
      "method": null,
      "native": false
    },
    {
      "column": 37,
      "file": "node:internal/modules/cjs/loader",
      "function": "Function._load",
      "line": 1215,
      "method": "_load",
      "native": false
    },
    {
      "column": 14,
      "file": "node:diagnostics_channel",
      "function": "TracingChannel.traceSync",
      "line": 322,
      "method": "traceSync",
      "native": false
    },
    {
      "column": 24,
      "file": "node:internal/modules/cjs/loader",
      "function": "wrapModuleLoad",
      "line": 235,
      "method": null,
      "native": false
    },
    {
      "column": 12,
      "file": "node:internal/modules/cjs/loader",
      "function": "Module.require",
      "line": 1491,
      "method": "require",
      "native": false
    },
    {
      "column": 16,
      "file": "node:internal/modules/helpers",
      "function": "require",
      "line": 135,
      "method": null,
      "native": false
    },
    {
      "column": 5,
      "file": "C:\\Users\\Eseth\\Desktop\\projects\\doctors\\doctors-backend\\src\\api\\middleware\\error.middleware.js",
      "function": null,
      "line": 4,
      "method": null,
      "native": false
    },
    {
      "column": 14,
      "file": "node:internal/modules/cjs/loader",
      "function": "Module._compile",
      "line": 1734,
      "method": "_compile",
      "native": false
    }
  ]
}
2025-05-11 16:42:07 [ERROR]: uncaughtException: Cannot find module '@prisma/client/runtime/library'
Require stack:
- C:\Users\Eseth\Desktop\projects\doctors\doctors-backend\src\api\middleware\error.middleware.js
- C:\Users\Eseth\Desktop\projects\doctors\doctors-backend\src\app.js
- C:\Users\Eseth\Desktop\projects\doctors\doctors-backend\src\index.js
Error: Cannot find module '@prisma/client/runtime/library'
Require stack:
- C:\Users\Eseth\Desktop\projects\doctors\doctors-backend\src\api\middleware\error.middleware.js
- C:\Users\Eseth\Desktop\projects\doctors\doctors-backend\src\app.js
- C:\Users\Eseth\Desktop\projects\doctors\doctors-backend\src\index.js
    at Function._resolveFilename (node:internal/modules/cjs/loader:1405:15)
    at defaultResolveImpl (node:internal/modules/cjs/loader:1061:19)
    at resolveForCJSWithHooks (node:internal/modules/cjs/loader:1066:22)
    at Function._load (node:internal/modules/cjs/loader:1215:37)
    at TracingChannel.traceSync (node:diagnostics_channel:322:14)
    at wrapModuleLoad (node:internal/modules/cjs/loader:235:24)
    at Module.require (node:internal/modules/cjs/loader:1491:12)
    at require (node:internal/modules/helpers:135:16)
    at Object.<anonymous> (C:\Users\Eseth\Desktop\projects\doctors\doctors-backend\src\api\middleware\error.middleware.js:4:5)
    at Module._compile (node:internal/modules/cjs/loader:1734:14) {
  "error": {
    "code": "MODULE_NOT_FOUND",
    "requireStack": [
      "C:\\Users\\Eseth\\Desktop\\projects\\doctors\\doctors-backend\\src\\api\\middleware\\error.middleware.js",
      "C:\\Users\\Eseth\\Desktop\\projects\\doctors\\doctors-backend\\src\\app.js",
      "C:\\Users\\Eseth\\Desktop\\projects\\doctors\\doctors-backend\\src\\index.js"
    ]
  },
  "stack": "Error: Cannot find module '@prisma/client/runtime/library'\nRequire stack:\n- C:\\Users\\Eseth\\Desktop\\projects\\doctors\\doctors-backend\\src\\api\\middleware\\error.middleware.js\n- C:\\Users\\Eseth\\Desktop\\projects\\doctors\\doctors-backend\\src\\app.js\n- C:\\Users\\Eseth\\Desktop\\projects\\doctors\\doctors-backend\\src\\index.js\n    at Function._resolveFilename (node:internal/modules/cjs/loader:1405:15)\n    at defaultResolveImpl (node:internal/modules/cjs/loader:1061:19)\n    at resolveForCJSWithHooks (node:internal/modules/cjs/loader:1066:22)\n    at Function._load (node:internal/modules/cjs/loader:1215:37)\n    at TracingChannel.traceSync (node:diagnostics_channel:322:14)\n    at wrapModuleLoad (node:internal/modules/cjs/loader:235:24)\n    at Module.require (node:internal/modules/cjs/loader:1491:12)\n    at require (node:internal/modules/helpers:135:16)\n    at Object.<anonymous> (C:\\Users\\Eseth\\Desktop\\projects\\doctors\\doctors-backend\\src\\api\\middleware\\error.middleware.js:4:5)\n    at Module._compile (node:internal/modules/cjs/loader:1734:14)",
  "exception": true,
  "date": "Sun May 11 2025 16:42:07 GMT+0200 (South Africa Standard Time)",
  "process": {
    "pid": 11128,
    "uid": null,
    "gid": null,
    "cwd": "C:\\Users\\Eseth\\Desktop\\projects\\doctors\\doctors-backend",
    "execPath": "C:\\Program Files\\nodejs\\node.exe",
    "version": "v23.8.0",
    "argv": [
      "C:\\Program Files\\nodejs\\node.exe",
      "C:\\Users\\Eseth\\Desktop\\projects\\doctors\\doctors-backend\\src\\index.js"
    ],
    "memoryUsage": {
      "rss": 49590272,
      "heapTotal": 18341888,
      "heapUsed": 11360928,
      "external": 2039091,
      "arrayBuffers": 18851
    }
  },
  "os": {
    "loadavg": [
      0,
      0,
      0
    ],
    "uptime": 3275.89
  },
  "trace": [
    {
      "column": 15,
      "file": "node:internal/modules/cjs/loader",
      "function": "Function._resolveFilename",
      "line": 1405,
      "method": "_resolveFilename",
      "native": false
    },
    {
      "column": 19,
      "file": "node:internal/modules/cjs/loader",
      "function": "defaultResolveImpl",
      "line": 1061,
      "method": null,
      "native": false
    },
    {
      "column": 22,
      "file": "node:internal/modules/cjs/loader",
      "function": "resolveForCJSWithHooks",
      "line": 1066,
      "method": null,
      "native": false
    },
    {
      "column": 37,
      "file": "node:internal/modules/cjs/loader",
      "function": "Function._load",
      "line": 1215,
      "method": "_load",
      "native": false
    },
    {
      "column": 14,
      "file": "node:diagnostics_channel",
      "function": "TracingChannel.traceSync",
      "line": 322,
      "method": "traceSync",
      "native": false
    },
    {
      "column": 24,
      "file": "node:internal/modules/cjs/loader",
      "function": "wrapModuleLoad",
      "line": 235,
      "method": null,
      "native": false
    },
    {
      "column": 12,
      "file": "node:internal/modules/cjs/loader",
      "function": "Module.require",
      "line": 1491,
      "method": "require",
      "native": false
    },
    {
      "column": 16,
      "file": "node:internal/modules/helpers",
      "function": "require",
      "line": 135,
      "method": null,
      "native": false
    },
    {
      "column": 5,
      "file": "C:\\Users\\Eseth\\Desktop\\projects\\doctors\\doctors-backend\\src\\api\\middleware\\error.middleware.js",
      "function": null,
      "line": 4,
      "method": null,
      "native": false
    },
    {
      "column": 14,
      "file": "node:internal/modules/cjs/loader",
      "function": "Module._compile",
      "line": 1734,
      "method": "_compile",
      "native": false
    }
  ]
}
2025-05-11 16:42:30 [ERROR]: uncaughtException: Cannot find module '@prisma/client/runtime/library'
Require stack:
- C:\Users\Eseth\Desktop\projects\doctors\doctors-backend\src\api\middleware\error.middleware.js
- C:\Users\Eseth\Desktop\projects\doctors\doctors-backend\src\app.js
- C:\Users\Eseth\Desktop\projects\doctors\doctors-backend\src\index.js
Error: Cannot find module '@prisma/client/runtime/library'
Require stack:
- C:\Users\Eseth\Desktop\projects\doctors\doctors-backend\src\api\middleware\error.middleware.js
- C:\Users\Eseth\Desktop\projects\doctors\doctors-backend\src\app.js
- C:\Users\Eseth\Desktop\projects\doctors\doctors-backend\src\index.js
    at Function._resolveFilename (node:internal/modules/cjs/loader:1405:15)
    at defaultResolveImpl (node:internal/modules/cjs/loader:1061:19)
    at resolveForCJSWithHooks (node:internal/modules/cjs/loader:1066:22)
    at Function._load (node:internal/modules/cjs/loader:1215:37)
    at TracingChannel.traceSync (node:diagnostics_channel:322:14)
    at wrapModuleLoad (node:internal/modules/cjs/loader:235:24)
    at Module.require (node:internal/modules/cjs/loader:1491:12)
    at require (node:internal/modules/helpers:135:16)
    at Object.<anonymous> (C:\Users\Eseth\Desktop\projects\doctors\doctors-backend\src\api\middleware\error.middleware.js:4:5)
    at Module._compile (node:internal/modules/cjs/loader:1734:14) {
  "error": {
    "code": "MODULE_NOT_FOUND",
    "requireStack": [
      "C:\\Users\\Eseth\\Desktop\\projects\\doctors\\doctors-backend\\src\\api\\middleware\\error.middleware.js",
      "C:\\Users\\Eseth\\Desktop\\projects\\doctors\\doctors-backend\\src\\app.js",
      "C:\\Users\\Eseth\\Desktop\\projects\\doctors\\doctors-backend\\src\\index.js"
    ]
  },
  "stack": "Error: Cannot find module '@prisma/client/runtime/library'\nRequire stack:\n- C:\\Users\\Eseth\\Desktop\\projects\\doctors\\doctors-backend\\src\\api\\middleware\\error.middleware.js\n- C:\\Users\\Eseth\\Desktop\\projects\\doctors\\doctors-backend\\src\\app.js\n- C:\\Users\\Eseth\\Desktop\\projects\\doctors\\doctors-backend\\src\\index.js\n    at Function._resolveFilename (node:internal/modules/cjs/loader:1405:15)\n    at defaultResolveImpl (node:internal/modules/cjs/loader:1061:19)\n    at resolveForCJSWithHooks (node:internal/modules/cjs/loader:1066:22)\n    at Function._load (node:internal/modules/cjs/loader:1215:37)\n    at TracingChannel.traceSync (node:diagnostics_channel:322:14)\n    at wrapModuleLoad (node:internal/modules/cjs/loader:235:24)\n    at Module.require (node:internal/modules/cjs/loader:1491:12)\n    at require (node:internal/modules/helpers:135:16)\n    at Object.<anonymous> (C:\\Users\\Eseth\\Desktop\\projects\\doctors\\doctors-backend\\src\\api\\middleware\\error.middleware.js:4:5)\n    at Module._compile (node:internal/modules/cjs/loader:1734:14)",
  "exception": true,
  "date": "Sun May 11 2025 16:42:30 GMT+0200 (South Africa Standard Time)",
  "process": {
    "pid": 9624,
    "uid": null,
    "gid": null,
    "cwd": "C:\\Users\\Eseth\\Desktop\\projects\\doctors\\doctors-backend",
    "execPath": "C:\\Program Files\\nodejs\\node.exe",
    "version": "v23.8.0",
    "argv": [
      "C:\\Program Files\\nodejs\\node.exe",
      "C:\\Users\\Eseth\\Desktop\\projects\\doctors\\doctors-backend\\src\\index.js"
    ],
    "memoryUsage": {
      "rss": 49688576,
      "heapTotal": 18866176,
      "heapUsed": 11369776,
      "external": 2039091,
      "arrayBuffers": 18851
    }
  },
  "os": {
    "loadavg": [
      0,
      0,
      0
    ],
    "uptime": 3299.234
  },
  "trace": [
    {
      "column": 15,
      "file": "node:internal/modules/cjs/loader",
      "function": "Function._resolveFilename",
      "line": 1405,
      "method": "_resolveFilename",
      "native": false
    },
    {
      "column": 19,
      "file": "node:internal/modules/cjs/loader",
      "function": "defaultResolveImpl",
      "line": 1061,
      "method": null,
      "native": false
    },
    {
      "column": 22,
      "file": "node:internal/modules/cjs/loader",
      "function": "resolveForCJSWithHooks",
      "line": 1066,
      "method": null,
      "native": false
    },
    {
      "column": 37,
      "file": "node:internal/modules/cjs/loader",
      "function": "Function._load",
      "line": 1215,
      "method": "_load",
      "native": false
    },
    {
      "column": 14,
      "file": "node:diagnostics_channel",
      "function": "TracingChannel.traceSync",
      "line": 322,
      "method": "traceSync",
      "native": false
    },
    {
      "column": 24,
      "file": "node:internal/modules/cjs/loader",
      "function": "wrapModuleLoad",
      "line": 235,
      "method": null,
      "native": false
    },
    {
      "column": 12,
      "file": "node:internal/modules/cjs/loader",
      "function": "Module.require",
      "line": 1491,
      "method": "require",
      "native": false
    },
    {
      "column": 16,
      "file": "node:internal/modules/helpers",
      "function": "require",
      "line": 135,
      "method": null,
      "native": false
    },
    {
      "column": 5,
      "file": "C:\\Users\\Eseth\\Desktop\\projects\\doctors\\doctors-backend\\src\\api\\middleware\\error.middleware.js",
      "function": null,
      "line": 4,
      "method": null,
      "native": false
    },
    {
      "column": 14,
      "file": "node:internal/modules/cjs/loader",
      "function": "Module._compile",
      "line": 1734,
      "method": "_compile",
      "native": false
    }
  ]
}
2025-05-11 16:44:23 [ERROR]: uncaughtException: Cannot find module '@prisma/client/runtime/library'
Require stack:
- C:\Users\Eseth\Desktop\projects\doctors\doctors-backend\src\api\middleware\error.middleware.js
- C:\Users\Eseth\Desktop\projects\doctors\doctors-backend\src\app.js
- C:\Users\Eseth\Desktop\projects\doctors\doctors-backend\src\index.js
Error: Cannot find module '@prisma/client/runtime/library'
Require stack:
- C:\Users\Eseth\Desktop\projects\doctors\doctors-backend\src\api\middleware\error.middleware.js
- C:\Users\Eseth\Desktop\projects\doctors\doctors-backend\src\app.js
- C:\Users\Eseth\Desktop\projects\doctors\doctors-backend\src\index.js
    at Function._resolveFilename (node:internal/modules/cjs/loader:1405:15)
    at defaultResolveImpl (node:internal/modules/cjs/loader:1061:19)
    at resolveForCJSWithHooks (node:internal/modules/cjs/loader:1066:22)
    at Function._load (node:internal/modules/cjs/loader:1215:37)
    at TracingChannel.traceSync (node:diagnostics_channel:322:14)
    at wrapModuleLoad (node:internal/modules/cjs/loader:235:24)
    at Module.require (node:internal/modules/cjs/loader:1491:12)
    at require (node:internal/modules/helpers:135:16)
    at Object.<anonymous> (C:\Users\Eseth\Desktop\projects\doctors\doctors-backend\src\api\middleware\error.middleware.js:4:5)
    at Module._compile (node:internal/modules/cjs/loader:1734:14) {
  "error": {
    "code": "MODULE_NOT_FOUND",
    "requireStack": [
      "C:\\Users\\Eseth\\Desktop\\projects\\doctors\\doctors-backend\\src\\api\\middleware\\error.middleware.js",
      "C:\\Users\\Eseth\\Desktop\\projects\\doctors\\doctors-backend\\src\\app.js",
      "C:\\Users\\Eseth\\Desktop\\projects\\doctors\\doctors-backend\\src\\index.js"
    ]
  },
  "stack": "Error: Cannot find module '@prisma/client/runtime/library'\nRequire stack:\n- C:\\Users\\Eseth\\Desktop\\projects\\doctors\\doctors-backend\\src\\api\\middleware\\error.middleware.js\n- C:\\Users\\Eseth\\Desktop\\projects\\doctors\\doctors-backend\\src\\app.js\n- C:\\Users\\Eseth\\Desktop\\projects\\doctors\\doctors-backend\\src\\index.js\n    at Function._resolveFilename (node:internal/modules/cjs/loader:1405:15)\n    at defaultResolveImpl (node:internal/modules/cjs/loader:1061:19)\n    at resolveForCJSWithHooks (node:internal/modules/cjs/loader:1066:22)\n    at Function._load (node:internal/modules/cjs/loader:1215:37)\n    at TracingChannel.traceSync (node:diagnostics_channel:322:14)\n    at wrapModuleLoad (node:internal/modules/cjs/loader:235:24)\n    at Module.require (node:internal/modules/cjs/loader:1491:12)\n    at require (node:internal/modules/helpers:135:16)\n    at Object.<anonymous> (C:\\Users\\Eseth\\Desktop\\projects\\doctors\\doctors-backend\\src\\api\\middleware\\error.middleware.js:4:5)\n    at Module._compile (node:internal/modules/cjs/loader:1734:14)",
  "exception": true,
  "date": "Sun May 11 2025 16:44:23 GMT+0200 (South Africa Standard Time)",
  "process": {
    "pid": 2168,
    "uid": null,
    "gid": null,
    "cwd": "C:\\Users\\Eseth\\Desktop\\projects\\doctors\\doctors-backend",
    "execPath": "C:\\Program Files\\nodejs\\node.exe",
    "version": "v23.8.0",
    "argv": [
      "C:\\Program Files\\nodejs\\node.exe",
      "C:\\Users\\Eseth\\Desktop\\projects\\doctors\\doctors-backend\\src\\index.js"
    ],
    "memoryUsage": {
      "rss": 49987584,
      "heapTotal": 18866176,
      "heapUsed": 11367272,
      "external": 2039091,
      "arrayBuffers": 18851
    }
  },
  "os": {
    "loadavg": [
      0,
      0,
      0
    ],
    "uptime": 3412.39
  },
  "trace": [
    {
      "column": 15,
      "file": "node:internal/modules/cjs/loader",
      "function": "Function._resolveFilename",
      "line": 1405,
      "method": "_resolveFilename",
      "native": false
    },
    {
      "column": 19,
      "file": "node:internal/modules/cjs/loader",
      "function": "defaultResolveImpl",
      "line": 1061,
      "method": null,
      "native": false
    },
    {
      "column": 22,
      "file": "node:internal/modules/cjs/loader",
      "function": "resolveForCJSWithHooks",
      "line": 1066,
      "method": null,
      "native": false
    },
    {
      "column": 37,
      "file": "node:internal/modules/cjs/loader",
      "function": "Function._load",
      "line": 1215,
      "method": "_load",
      "native": false
    },
    {
      "column": 14,
      "file": "node:diagnostics_channel",
      "function": "TracingChannel.traceSync",
      "line": 322,
      "method": "traceSync",
      "native": false
    },
    {
      "column": 24,
      "file": "node:internal/modules/cjs/loader",
      "function": "wrapModuleLoad",
      "line": 235,
      "method": null,
      "native": false
    },
    {
      "column": 12,
      "file": "node:internal/modules/cjs/loader",
      "function": "Module.require",
      "line": 1491,
      "method": "require",
      "native": false
    },
    {
      "column": 16,
      "file": "node:internal/modules/helpers",
      "function": "require",
      "line": 135,
      "method": null,
      "native": false
    },
    {
      "column": 5,
      "file": "C:\\Users\\Eseth\\Desktop\\projects\\doctors\\doctors-backend\\src\\api\\middleware\\error.middleware.js",
      "function": null,
      "line": 4,
      "method": null,
      "native": false
    },
    {
      "column": 14,
      "file": "node:internal/modules/cjs/loader",
      "function": "Module._compile",
      "line": 1734,
      "method": "_compile",
      "native": false
    }
  ]
}
2025-05-11 16:47:07 [ERROR]: uncaughtException: Cannot find module '@prisma/client/runtime/library'
Require stack:
- C:\Users\Eseth\Desktop\projects\doctors\doctors-backend\src\api\middleware\error.middleware.js
- C:\Users\Eseth\Desktop\projects\doctors\doctors-backend\src\app.js
- C:\Users\Eseth\Desktop\projects\doctors\doctors-backend\src\index.js
Error: Cannot find module '@prisma/client/runtime/library'
Require stack:
- C:\Users\Eseth\Desktop\projects\doctors\doctors-backend\src\api\middleware\error.middleware.js
- C:\Users\Eseth\Desktop\projects\doctors\doctors-backend\src\app.js
- C:\Users\Eseth\Desktop\projects\doctors\doctors-backend\src\index.js
    at Function._resolveFilename (node:internal/modules/cjs/loader:1405:15)
    at defaultResolveImpl (node:internal/modules/cjs/loader:1061:19)
    at resolveForCJSWithHooks (node:internal/modules/cjs/loader:1066:22)
    at Function._load (node:internal/modules/cjs/loader:1215:37)
    at TracingChannel.traceSync (node:diagnostics_channel:322:14)
    at wrapModuleLoad (node:internal/modules/cjs/loader:235:24)
    at Module.require (node:internal/modules/cjs/loader:1491:12)
    at require (node:internal/modules/helpers:135:16)
    at Object.<anonymous> (C:\Users\Eseth\Desktop\projects\doctors\doctors-backend\src\api\middleware\error.middleware.js:4:5)
    at Module._compile (node:internal/modules/cjs/loader:1734:14) {
  "error": {
    "code": "MODULE_NOT_FOUND",
    "requireStack": [
      "C:\\Users\\Eseth\\Desktop\\projects\\doctors\\doctors-backend\\src\\api\\middleware\\error.middleware.js",
      "C:\\Users\\Eseth\\Desktop\\projects\\doctors\\doctors-backend\\src\\app.js",
      "C:\\Users\\Eseth\\Desktop\\projects\\doctors\\doctors-backend\\src\\index.js"
    ]
  },
  "stack": "Error: Cannot find module '@prisma/client/runtime/library'\nRequire stack:\n- C:\\Users\\Eseth\\Desktop\\projects\\doctors\\doctors-backend\\src\\api\\middleware\\error.middleware.js\n- C:\\Users\\Eseth\\Desktop\\projects\\doctors\\doctors-backend\\src\\app.js\n- C:\\Users\\Eseth\\Desktop\\projects\\doctors\\doctors-backend\\src\\index.js\n    at Function._resolveFilename (node:internal/modules/cjs/loader:1405:15)\n    at defaultResolveImpl (node:internal/modules/cjs/loader:1061:19)\n    at resolveForCJSWithHooks (node:internal/modules/cjs/loader:1066:22)\n    at Function._load (node:internal/modules/cjs/loader:1215:37)\n    at TracingChannel.traceSync (node:diagnostics_channel:322:14)\n    at wrapModuleLoad (node:internal/modules/cjs/loader:235:24)\n    at Module.require (node:internal/modules/cjs/loader:1491:12)\n    at require (node:internal/modules/helpers:135:16)\n    at Object.<anonymous> (C:\\Users\\Eseth\\Desktop\\projects\\doctors\\doctors-backend\\src\\api\\middleware\\error.middleware.js:4:5)\n    at Module._compile (node:internal/modules/cjs/loader:1734:14)",
  "exception": true,
  "date": "Sun May 11 2025 16:47:07 GMT+0200 (South Africa Standard Time)",
  "process": {
    "pid": 1400,
    "uid": null,
    "gid": null,
    "cwd": "C:\\Users\\Eseth\\Desktop\\projects\\doctors\\doctors-backend",
    "execPath": "C:\\Program Files\\nodejs\\node.exe",
    "version": "v23.8.0",
    "argv": [
      "C:\\Program Files\\nodejs\\node.exe",
      "C:\\Users\\Eseth\\Desktop\\projects\\doctors\\doctors-backend\\src\\index.js"
    ],
    "memoryUsage": {
      "rss": 49664000,
      "heapTotal": 18604032,
      "heapUsed": 11402416,
      "external": 2039091,
      "arrayBuffers": 18851
    }
  },
  "os": {
    "loadavg": [
      0,
      0,
      0
    ],
    "uptime": 3576.484
  },
  "trace": [
    {
      "column": 15,
      "file": "node:internal/modules/cjs/loader",
      "function": "Function._resolveFilename",
      "line": 1405,
      "method": "_resolveFilename",
      "native": false
    },
    {
      "column": 19,
      "file": "node:internal/modules/cjs/loader",
      "function": "defaultResolveImpl",
      "line": 1061,
      "method": null,
      "native": false
    },
    {
      "column": 22,
      "file": "node:internal/modules/cjs/loader",
      "function": "resolveForCJSWithHooks",
      "line": 1066,
      "method": null,
      "native": false
    },
    {
      "column": 37,
      "file": "node:internal/modules/cjs/loader",
      "function": "Function._load",
      "line": 1215,
      "method": "_load",
      "native": false
    },
    {
      "column": 14,
      "file": "node:diagnostics_channel",
      "function": "TracingChannel.traceSync",
      "line": 322,
      "method": "traceSync",
      "native": false
    },
    {
      "column": 24,
      "file": "node:internal/modules/cjs/loader",
      "function": "wrapModuleLoad",
      "line": 235,
      "method": null,
      "native": false
    },
    {
      "column": 12,
      "file": "node:internal/modules/cjs/loader",
      "function": "Module.require",
      "line": 1491,
      "method": "require",
      "native": false
    },
    {
      "column": 16,
      "file": "node:internal/modules/helpers",
      "function": "require",
      "line": 135,
      "method": null,
      "native": false
    },
    {
      "column": 5,
      "file": "C:\\Users\\Eseth\\Desktop\\projects\\doctors\\doctors-backend\\src\\api\\middleware\\error.middleware.js",
      "function": null,
      "line": 4,
      "method": null,
      "native": false
    },
    {
      "column": 14,
      "file": "node:internal/modules/cjs/loader",
      "function": "Module._compile",
      "line": 1734,
      "method": "_compile",
      "native": false
    }
  ]
}
2025-05-11 16:49:45 [ERROR]: uncaughtException: Cannot find module '@prisma/client/runtime/library'
Require stack:
- C:\Users\Eseth\Desktop\projects\doctors\doctors-backend\src\api\middleware\error.middleware.js
- C:\Users\Eseth\Desktop\projects\doctors\doctors-backend\src\app.js
- C:\Users\Eseth\Desktop\projects\doctors\doctors-backend\src\index.js
Error: Cannot find module '@prisma/client/runtime/library'
Require stack:
- C:\Users\Eseth\Desktop\projects\doctors\doctors-backend\src\api\middleware\error.middleware.js
- C:\Users\Eseth\Desktop\projects\doctors\doctors-backend\src\app.js
- C:\Users\Eseth\Desktop\projects\doctors\doctors-backend\src\index.js
    at Function._resolveFilename (node:internal/modules/cjs/loader:1405:15)
    at defaultResolveImpl (node:internal/modules/cjs/loader:1061:19)
    at resolveForCJSWithHooks (node:internal/modules/cjs/loader:1066:22)
    at Function._load (node:internal/modules/cjs/loader:1215:37)
    at TracingChannel.traceSync (node:diagnostics_channel:322:14)
    at wrapModuleLoad (node:internal/modules/cjs/loader:235:24)
    at Module.require (node:internal/modules/cjs/loader:1491:12)
    at require (node:internal/modules/helpers:135:16)
    at Object.<anonymous> (C:\Users\Eseth\Desktop\projects\doctors\doctors-backend\src\api\middleware\error.middleware.js:4:5)
    at Module._compile (node:internal/modules/cjs/loader:1734:14) {
  "error": {
    "code": "MODULE_NOT_FOUND",
    "requireStack": [
      "C:\\Users\\Eseth\\Desktop\\projects\\doctors\\doctors-backend\\src\\api\\middleware\\error.middleware.js",
      "C:\\Users\\Eseth\\Desktop\\projects\\doctors\\doctors-backend\\src\\app.js",
      "C:\\Users\\Eseth\\Desktop\\projects\\doctors\\doctors-backend\\src\\index.js"
    ]
  },
  "stack": "Error: Cannot find module '@prisma/client/runtime/library'\nRequire stack:\n- C:\\Users\\Eseth\\Desktop\\projects\\doctors\\doctors-backend\\src\\api\\middleware\\error.middleware.js\n- C:\\Users\\Eseth\\Desktop\\projects\\doctors\\doctors-backend\\src\\app.js\n- C:\\Users\\Eseth\\Desktop\\projects\\doctors\\doctors-backend\\src\\index.js\n    at Function._resolveFilename (node:internal/modules/cjs/loader:1405:15)\n    at defaultResolveImpl (node:internal/modules/cjs/loader:1061:19)\n    at resolveForCJSWithHooks (node:internal/modules/cjs/loader:1066:22)\n    at Function._load (node:internal/modules/cjs/loader:1215:37)\n    at TracingChannel.traceSync (node:diagnostics_channel:322:14)\n    at wrapModuleLoad (node:internal/modules/cjs/loader:235:24)\n    at Module.require (node:internal/modules/cjs/loader:1491:12)\n    at require (node:internal/modules/helpers:135:16)\n    at Object.<anonymous> (C:\\Users\\Eseth\\Desktop\\projects\\doctors\\doctors-backend\\src\\api\\middleware\\error.middleware.js:4:5)\n    at Module._compile (node:internal/modules/cjs/loader:1734:14)",
  "exception": true,
  "date": "Sun May 11 2025 16:49:45 GMT+0200 (South Africa Standard Time)",
  "process": {
    "pid": 10200,
    "uid": null,
    "gid": null,
    "cwd": "C:\\Users\\Eseth\\Desktop\\projects\\doctors\\doctors-backend",
    "execPath": "C:\\Program Files\\nodejs\\node.exe",
    "version": "v23.8.0",
    "argv": [
      "C:\\Program Files\\nodejs\\node.exe",
      "C:\\Users\\Eseth\\Desktop\\projects\\doctors\\doctors-backend\\src\\index.js"
    ],
    "memoryUsage": {
      "rss": 49737728,
      "heapTotal": 18604032,
      "heapUsed": 11395720,
      "external": 2039091,
      "arrayBuffers": 18851
    }
  },
  "os": {
    "loadavg": [
      0,
      0,
      0
    ],
    "uptime": 3734.515
  },
  "trace": [
    {
      "column": 15,
      "file": "node:internal/modules/cjs/loader",
      "function": "Function._resolveFilename",
      "line": 1405,
      "method": "_resolveFilename",
      "native": false
    },
    {
      "column": 19,
      "file": "node:internal/modules/cjs/loader",
      "function": "defaultResolveImpl",
      "line": 1061,
      "method": null,
      "native": false
    },
    {
      "column": 22,
      "file": "node:internal/modules/cjs/loader",
      "function": "resolveForCJSWithHooks",
      "line": 1066,
      "method": null,
      "native": false
    },
    {
      "column": 37,
      "file": "node:internal/modules/cjs/loader",
      "function": "Function._load",
      "line": 1215,
      "method": "_load",
      "native": false
    },
    {
      "column": 14,
      "file": "node:diagnostics_channel",
      "function": "TracingChannel.traceSync",
      "line": 322,
      "method": "traceSync",
      "native": false
    },
    {
      "column": 24,
      "file": "node:internal/modules/cjs/loader",
      "function": "wrapModuleLoad",
      "line": 235,
      "method": null,
      "native": false
    },
    {
      "column": 12,
      "file": "node:internal/modules/cjs/loader",
      "function": "Module.require",
      "line": 1491,
      "method": "require",
      "native": false
    },
    {
      "column": 16,
      "file": "node:internal/modules/helpers",
      "function": "require",
      "line": 135,
      "method": null,
      "native": false
    },
    {
      "column": 5,
      "file": "C:\\Users\\Eseth\\Desktop\\projects\\doctors\\doctors-backend\\src\\api\\middleware\\error.middleware.js",
      "function": null,
      "line": 4,
      "method": null,
      "native": false
    },
    {
      "column": 14,
      "file": "node:internal/modules/cjs/loader",
      "function": "Module._compile",
      "line": 1734,
      "method": "_compile",
      "native": false
    }
  ]
}
2025-05-11 16:49:57 [ERROR]: uncaughtException: Cannot find module '@prisma/client/runtime/library'
Require stack:
- C:\Users\Eseth\Desktop\projects\doctors\doctors-backend\src\api\middleware\error.middleware.js
- C:\Users\Eseth\Desktop\projects\doctors\doctors-backend\src\app.js
- C:\Users\Eseth\Desktop\projects\doctors\doctors-backend\src\index.js
Error: Cannot find module '@prisma/client/runtime/library'
Require stack:
- C:\Users\Eseth\Desktop\projects\doctors\doctors-backend\src\api\middleware\error.middleware.js
- C:\Users\Eseth\Desktop\projects\doctors\doctors-backend\src\app.js
- C:\Users\Eseth\Desktop\projects\doctors\doctors-backend\src\index.js
    at Function._resolveFilename (node:internal/modules/cjs/loader:1405:15)
    at defaultResolveImpl (node:internal/modules/cjs/loader:1061:19)
    at resolveForCJSWithHooks (node:internal/modules/cjs/loader:1066:22)
    at Function._load (node:internal/modules/cjs/loader:1215:37)
    at TracingChannel.traceSync (node:diagnostics_channel:322:14)
    at wrapModuleLoad (node:internal/modules/cjs/loader:235:24)
    at Module.require (node:internal/modules/cjs/loader:1491:12)
    at require (node:internal/modules/helpers:135:16)
    at Object.<anonymous> (C:\Users\Eseth\Desktop\projects\doctors\doctors-backend\src\api\middleware\error.middleware.js:4:5)
    at Module._compile (node:internal/modules/cjs/loader:1734:14) {
  "error": {
    "code": "MODULE_NOT_FOUND",
    "requireStack": [
      "C:\\Users\\Eseth\\Desktop\\projects\\doctors\\doctors-backend\\src\\api\\middleware\\error.middleware.js",
      "C:\\Users\\Eseth\\Desktop\\projects\\doctors\\doctors-backend\\src\\app.js",
      "C:\\Users\\Eseth\\Desktop\\projects\\doctors\\doctors-backend\\src\\index.js"
    ]
  },
  "stack": "Error: Cannot find module '@prisma/client/runtime/library'\nRequire stack:\n- C:\\Users\\Eseth\\Desktop\\projects\\doctors\\doctors-backend\\src\\api\\middleware\\error.middleware.js\n- C:\\Users\\Eseth\\Desktop\\projects\\doctors\\doctors-backend\\src\\app.js\n- C:\\Users\\Eseth\\Desktop\\projects\\doctors\\doctors-backend\\src\\index.js\n    at Function._resolveFilename (node:internal/modules/cjs/loader:1405:15)\n    at defaultResolveImpl (node:internal/modules/cjs/loader:1061:19)\n    at resolveForCJSWithHooks (node:internal/modules/cjs/loader:1066:22)\n    at Function._load (node:internal/modules/cjs/loader:1215:37)\n    at TracingChannel.traceSync (node:diagnostics_channel:322:14)\n    at wrapModuleLoad (node:internal/modules/cjs/loader:235:24)\n    at Module.require (node:internal/modules/cjs/loader:1491:12)\n    at require (node:internal/modules/helpers:135:16)\n    at Object.<anonymous> (C:\\Users\\Eseth\\Desktop\\projects\\doctors\\doctors-backend\\src\\api\\middleware\\error.middleware.js:4:5)\n    at Module._compile (node:internal/modules/cjs/loader:1734:14)",
  "exception": true,
  "date": "Sun May 11 2025 16:49:57 GMT+0200 (South Africa Standard Time)",
  "process": {
    "pid": 10112,
    "uid": null,
    "gid": null,
    "cwd": "C:\\Users\\Eseth\\Desktop\\projects\\doctors\\doctors-backend",
    "execPath": "C:\\Program Files\\nodejs\\node.exe",
    "version": "v23.8.0",
    "argv": [
      "C:\\Program Files\\nodejs\\node.exe",
      "C:\\Users\\Eseth\\Desktop\\projects\\doctors\\doctors-backend\\src\\index.js"
    ],
    "memoryUsage": {
      "rss": 49770496,
      "heapTotal": 18866176,
      "heapUsed": 11397800,
      "external": 2039091,
      "arrayBuffers": 18851
    }
  },
  "os": {
    "loadavg": [
      0,
      0,
      0
    ],
    "uptime": 3746.593
  },
  "trace": [
    {
      "column": 15,
      "file": "node:internal/modules/cjs/loader",
      "function": "Function._resolveFilename",
      "line": 1405,
      "method": "_resolveFilename",
      "native": false
    },
    {
      "column": 19,
      "file": "node:internal/modules/cjs/loader",
      "function": "defaultResolveImpl",
      "line": 1061,
      "method": null,
      "native": false
    },
    {
      "column": 22,
      "file": "node:internal/modules/cjs/loader",
      "function": "resolveForCJSWithHooks",
      "line": 1066,
      "method": null,
      "native": false
    },
    {
      "column": 37,
      "file": "node:internal/modules/cjs/loader",
      "function": "Function._load",
      "line": 1215,
      "method": "_load",
      "native": false
    },
    {
      "column": 14,
      "file": "node:diagnostics_channel",
      "function": "TracingChannel.traceSync",
      "line": 322,
      "method": "traceSync",
      "native": false
    },
    {
      "column": 24,
      "file": "node:internal/modules/cjs/loader",
      "function": "wrapModuleLoad",
      "line": 235,
      "method": null,
      "native": false
    },
    {
      "column": 12,
      "file": "node:internal/modules/cjs/loader",
      "function": "Module.require",
      "line": 1491,
      "method": "require",
      "native": false
    },
    {
      "column": 16,
      "file": "node:internal/modules/helpers",
      "function": "require",
      "line": 135,
      "method": null,
      "native": false
    },
    {
      "column": 5,
      "file": "C:\\Users\\Eseth\\Desktop\\projects\\doctors\\doctors-backend\\src\\api\\middleware\\error.middleware.js",
      "function": null,
      "line": 4,
      "method": null,
      "native": false
    },
    {
      "column": 14,
      "file": "node:internal/modules/cjs/loader",
      "function": "Module._compile",
      "line": 1734,
      "method": "_compile",
      "native": false
    }
  ]
}
2025-05-11 21:18:09 [ERROR]: uncaughtException: Cannot find module '@prisma/client/runtime/library'
Require stack:
- C:\Users\Eseth\Desktop\Projects\Doctors\doctors-backend\src\api\middleware\error.middleware.js
- C:\Users\Eseth\Desktop\Projects\Doctors\doctors-backend\src\app.js
- C:\Users\Eseth\Desktop\Projects\Doctors\doctors-backend\src\index.js
Error: Cannot find module '@prisma/client/runtime/library'
Require stack:
- C:\Users\Eseth\Desktop\Projects\Doctors\doctors-backend\src\api\middleware\error.middleware.js
- C:\Users\Eseth\Desktop\Projects\Doctors\doctors-backend\src\app.js
- C:\Users\Eseth\Desktop\Projects\Doctors\doctors-backend\src\index.js
    at Function._resolveFilename (node:internal/modules/cjs/loader:1405:15)
    at defaultResolveImpl (node:internal/modules/cjs/loader:1061:19)
    at resolveForCJSWithHooks (node:internal/modules/cjs/loader:1066:22)
    at Function._load (node:internal/modules/cjs/loader:1215:37)
    at TracingChannel.traceSync (node:diagnostics_channel:322:14)
    at wrapModuleLoad (node:internal/modules/cjs/loader:235:24)
    at Module.require (node:internal/modules/cjs/loader:1491:12)
    at require (node:internal/modules/helpers:135:16)
    at Object.<anonymous> (C:\Users\Eseth\Desktop\Projects\Doctors\doctors-backend\src\api\middleware\error.middleware.js:4:5)
    at Module._compile (node:internal/modules/cjs/loader:1734:14) {
  "error": {
    "code": "MODULE_NOT_FOUND",
    "requireStack": [
      "C:\\Users\\Eseth\\Desktop\\Projects\\Doctors\\doctors-backend\\src\\api\\middleware\\error.middleware.js",
      "C:\\Users\\Eseth\\Desktop\\Projects\\Doctors\\doctors-backend\\src\\app.js",
      "C:\\Users\\Eseth\\Desktop\\Projects\\Doctors\\doctors-backend\\src\\index.js"
    ]
  },
  "stack": "Error: Cannot find module '@prisma/client/runtime/library'\nRequire stack:\n- C:\\Users\\Eseth\\Desktop\\Projects\\Doctors\\doctors-backend\\src\\api\\middleware\\error.middleware.js\n- C:\\Users\\Eseth\\Desktop\\Projects\\Doctors\\doctors-backend\\src\\app.js\n- C:\\Users\\Eseth\\Desktop\\Projects\\Doctors\\doctors-backend\\src\\index.js\n    at Function._resolveFilename (node:internal/modules/cjs/loader:1405:15)\n    at defaultResolveImpl (node:internal/modules/cjs/loader:1061:19)\n    at resolveForCJSWithHooks (node:internal/modules/cjs/loader:1066:22)\n    at Function._load (node:internal/modules/cjs/loader:1215:37)\n    at TracingChannel.traceSync (node:diagnostics_channel:322:14)\n    at wrapModuleLoad (node:internal/modules/cjs/loader:235:24)\n    at Module.require (node:internal/modules/cjs/loader:1491:12)\n    at require (node:internal/modules/helpers:135:16)\n    at Object.<anonymous> (C:\\Users\\Eseth\\Desktop\\Projects\\Doctors\\doctors-backend\\src\\api\\middleware\\error.middleware.js:4:5)\n    at Module._compile (node:internal/modules/cjs/loader:1734:14)",
  "exception": true,
  "date": "Sun May 11 2025 21:18:09 GMT+0200 (South Africa Standard Time)",
  "process": {
    "pid": 10508,
    "uid": null,
    "gid": null,
    "cwd": "C:\\Users\\Eseth\\Desktop\\Projects\\Doctors\\doctors-backend",
    "execPath": "C:\\Program Files\\nodejs\\node.exe",
    "version": "v23.8.0",
    "argv": [
      "C:\\Program Files\\nodejs\\node.exe",
      "C:\\Users\\Eseth\\Desktop\\Projects\\Doctors\\doctors-backend\\src\\index.js"
    ],
    "memoryUsage": {
      "rss": 49373184,
      "heapTotal": 18604032,
      "heapUsed": 11463064,
      "external": 2039091,
      "arrayBuffers": 18851
    }
  },
  "os": {
    "loadavg": [
      0,
      0,
      0
    ],
    "uptime": 13377.828
  },
  "trace": [
    {
      "column": 15,
      "file": "node:internal/modules/cjs/loader",
      "function": "Function._resolveFilename",
      "line": 1405,
      "method": "_resolveFilename",
      "native": false
    },
    {
      "column": 19,
      "file": "node:internal/modules/cjs/loader",
      "function": "defaultResolveImpl",
      "line": 1061,
      "method": null,
      "native": false
    },
    {
      "column": 22,
      "file": "node:internal/modules/cjs/loader",
      "function": "resolveForCJSWithHooks",
      "line": 1066,
      "method": null,
      "native": false
    },
    {
      "column": 37,
      "file": "node:internal/modules/cjs/loader",
      "function": "Function._load",
      "line": 1215,
      "method": "_load",
      "native": false
    },
    {
      "column": 14,
      "file": "node:diagnostics_channel",
      "function": "TracingChannel.traceSync",
      "line": 322,
      "method": "traceSync",
      "native": false
    },
    {
      "column": 24,
      "file": "node:internal/modules/cjs/loader",
      "function": "wrapModuleLoad",
      "line": 235,
      "method": null,
      "native": false
    },
    {
      "column": 12,
      "file": "node:internal/modules/cjs/loader",
      "function": "Module.require",
      "line": 1491,
      "method": "require",
      "native": false
    },
    {
      "column": 16,
      "file": "node:internal/modules/helpers",
      "function": "require",
      "line": 135,
      "method": null,
      "native": false
    },
    {
      "column": 5,
      "file": "C:\\Users\\Eseth\\Desktop\\Projects\\Doctors\\doctors-backend\\src\\api\\middleware\\error.middleware.js",
      "function": null,
      "line": 4,
      "method": null,
      "native": false
    },
    {
      "column": 14,
      "file": "node:internal/modules/cjs/loader",
      "function": "Module._compile",
      "line": 1734,
      "method": "_compile",
      "native": false
    }
  ]
}
2025-05-11 21:23:52 [ERROR]: uncaughtException: Cannot find module '@prisma/client/runtime/library'
Require stack:
- C:\Users\Eseth\Desktop\Projects\Doctors\doctors-backend\src\api\middleware\error.middleware.js
- C:\Users\Eseth\Desktop\Projects\Doctors\doctors-backend\src\app.js
- C:\Users\Eseth\Desktop\Projects\Doctors\doctors-backend\src\index.js
Error: Cannot find module '@prisma/client/runtime/library'
Require stack:
- C:\Users\Eseth\Desktop\Projects\Doctors\doctors-backend\src\api\middleware\error.middleware.js
- C:\Users\Eseth\Desktop\Projects\Doctors\doctors-backend\src\app.js
- C:\Users\Eseth\Desktop\Projects\Doctors\doctors-backend\src\index.js
    at Function._resolveFilename (node:internal/modules/cjs/loader:1405:15)
    at defaultResolveImpl (node:internal/modules/cjs/loader:1061:19)
    at resolveForCJSWithHooks (node:internal/modules/cjs/loader:1066:22)
    at Function._load (node:internal/modules/cjs/loader:1215:37)
    at TracingChannel.traceSync (node:diagnostics_channel:322:14)
    at wrapModuleLoad (node:internal/modules/cjs/loader:235:24)
    at Module.require (node:internal/modules/cjs/loader:1491:12)
    at require (node:internal/modules/helpers:135:16)
    at Object.<anonymous> (C:\Users\Eseth\Desktop\Projects\Doctors\doctors-backend\src\api\middleware\error.middleware.js:4:5)
    at Module._compile (node:internal/modules/cjs/loader:1734:14) {
  "error": {
    "code": "MODULE_NOT_FOUND",
    "requireStack": [
      "C:\\Users\\Eseth\\Desktop\\Projects\\Doctors\\doctors-backend\\src\\api\\middleware\\error.middleware.js",
      "C:\\Users\\Eseth\\Desktop\\Projects\\Doctors\\doctors-backend\\src\\app.js",
      "C:\\Users\\Eseth\\Desktop\\Projects\\Doctors\\doctors-backend\\src\\index.js"
    ]
  },
  "stack": "Error: Cannot find module '@prisma/client/runtime/library'\nRequire stack:\n- C:\\Users\\Eseth\\Desktop\\Projects\\Doctors\\doctors-backend\\src\\api\\middleware\\error.middleware.js\n- C:\\Users\\Eseth\\Desktop\\Projects\\Doctors\\doctors-backend\\src\\app.js\n- C:\\Users\\Eseth\\Desktop\\Projects\\Doctors\\doctors-backend\\src\\index.js\n    at Function._resolveFilename (node:internal/modules/cjs/loader:1405:15)\n    at defaultResolveImpl (node:internal/modules/cjs/loader:1061:19)\n    at resolveForCJSWithHooks (node:internal/modules/cjs/loader:1066:22)\n    at Function._load (node:internal/modules/cjs/loader:1215:37)\n    at TracingChannel.traceSync (node:diagnostics_channel:322:14)\n    at wrapModuleLoad (node:internal/modules/cjs/loader:235:24)\n    at Module.require (node:internal/modules/cjs/loader:1491:12)\n    at require (node:internal/modules/helpers:135:16)\n    at Object.<anonymous> (C:\\Users\\Eseth\\Desktop\\Projects\\Doctors\\doctors-backend\\src\\api\\middleware\\error.middleware.js:4:5)\n    at Module._compile (node:internal/modules/cjs/loader:1734:14)",
  "exception": true,
  "date": "Sun May 11 2025 21:23:52 GMT+0200 (South Africa Standard Time)",
  "process": {
    "pid": 11948,
    "uid": null,
    "gid": null,
    "cwd": "C:\\Users\\Eseth\\Desktop\\Projects\\Doctors\\doctors-backend",
    "execPath": "C:\\Program Files\\nodejs\\node.exe",
    "version": "v23.8.0",
    "argv": [
      "C:\\Program Files\\nodejs\\node.exe",
      "C:\\Users\\Eseth\\Desktop\\Projects\\Doctors\\doctors-backend\\src\\index.js"
    ],
    "memoryUsage": {
      "rss": 49278976,
      "heapTotal": 18866176,
      "heapUsed": 11363200,
      "external": 2039091,
      "arrayBuffers": 18851
    }
  },
  "os": {
    "loadavg": [
      0,
      0,
      0
    ],
    "uptime": 13721.453
  },
  "trace": [
    {
      "column": 15,
      "file": "node:internal/modules/cjs/loader",
      "function": "Function._resolveFilename",
      "line": 1405,
      "method": "_resolveFilename",
      "native": false
    },
    {
      "column": 19,
      "file": "node:internal/modules/cjs/loader",
      "function": "defaultResolveImpl",
      "line": 1061,
      "method": null,
      "native": false
    },
    {
      "column": 22,
      "file": "node:internal/modules/cjs/loader",
      "function": "resolveForCJSWithHooks",
      "line": 1066,
      "method": null,
      "native": false
    },
    {
      "column": 37,
      "file": "node:internal/modules/cjs/loader",
      "function": "Function._load",
      "line": 1215,
      "method": "_load",
      "native": false
    },
    {
      "column": 14,
      "file": "node:diagnostics_channel",
      "function": "TracingChannel.traceSync",
      "line": 322,
      "method": "traceSync",
      "native": false
    },
    {
      "column": 24,
      "file": "node:internal/modules/cjs/loader",
      "function": "wrapModuleLoad",
      "line": 235,
      "method": null,
      "native": false
    },
    {
      "column": 12,
      "file": "node:internal/modules/cjs/loader",
      "function": "Module.require",
      "line": 1491,
      "method": "require",
      "native": false
    },
    {
      "column": 16,
      "file": "node:internal/modules/helpers",
      "function": "require",
      "line": 135,
      "method": null,
      "native": false
    },
    {
      "column": 5,
      "file": "C:\\Users\\Eseth\\Desktop\\Projects\\Doctors\\doctors-backend\\src\\api\\middleware\\error.middleware.js",
      "function": null,
      "line": 4,
      "method": null,
      "native": false
    },
    {
      "column": 14,
      "file": "node:internal/modules/cjs/loader",
      "function": "Module._compile",
      "line": 1734,
      "method": "_compile",
      "native": false
    }
  ]
}
2025-05-11 21:24:05 [ERROR]: uncaughtException: Cannot find module '@prisma/client/runtime/library'
Require stack:
- C:\Users\Eseth\Desktop\Projects\Doctors\doctors-backend\src\api\middleware\error.middleware.js
- C:\Users\Eseth\Desktop\Projects\Doctors\doctors-backend\src\app.js
- C:\Users\Eseth\Desktop\Projects\Doctors\doctors-backend\src\index.js
Error: Cannot find module '@prisma/client/runtime/library'
Require stack:
- C:\Users\Eseth\Desktop\Projects\Doctors\doctors-backend\src\api\middleware\error.middleware.js
- C:\Users\Eseth\Desktop\Projects\Doctors\doctors-backend\src\app.js
- C:\Users\Eseth\Desktop\Projects\Doctors\doctors-backend\src\index.js
    at Function._resolveFilename (node:internal/modules/cjs/loader:1405:15)
    at defaultResolveImpl (node:internal/modules/cjs/loader:1061:19)
    at resolveForCJSWithHooks (node:internal/modules/cjs/loader:1066:22)
    at Function._load (node:internal/modules/cjs/loader:1215:37)
    at TracingChannel.traceSync (node:diagnostics_channel:322:14)
    at wrapModuleLoad (node:internal/modules/cjs/loader:235:24)
    at Module.require (node:internal/modules/cjs/loader:1491:12)
    at require (node:internal/modules/helpers:135:16)
    at Object.<anonymous> (C:\Users\Eseth\Desktop\Projects\Doctors\doctors-backend\src\api\middleware\error.middleware.js:4:5)
    at Module._compile (node:internal/modules/cjs/loader:1734:14) {
  "error": {
    "code": "MODULE_NOT_FOUND",
    "requireStack": [
      "C:\\Users\\Eseth\\Desktop\\Projects\\Doctors\\doctors-backend\\src\\api\\middleware\\error.middleware.js",
      "C:\\Users\\Eseth\\Desktop\\Projects\\Doctors\\doctors-backend\\src\\app.js",
      "C:\\Users\\Eseth\\Desktop\\Projects\\Doctors\\doctors-backend\\src\\index.js"
    ]
  },
  "stack": "Error: Cannot find module '@prisma/client/runtime/library'\nRequire stack:\n- C:\\Users\\Eseth\\Desktop\\Projects\\Doctors\\doctors-backend\\src\\api\\middleware\\error.middleware.js\n- C:\\Users\\Eseth\\Desktop\\Projects\\Doctors\\doctors-backend\\src\\app.js\n- C:\\Users\\Eseth\\Desktop\\Projects\\Doctors\\doctors-backend\\src\\index.js\n    at Function._resolveFilename (node:internal/modules/cjs/loader:1405:15)\n    at defaultResolveImpl (node:internal/modules/cjs/loader:1061:19)\n    at resolveForCJSWithHooks (node:internal/modules/cjs/loader:1066:22)\n    at Function._load (node:internal/modules/cjs/loader:1215:37)\n    at TracingChannel.traceSync (node:diagnostics_channel:322:14)\n    at wrapModuleLoad (node:internal/modules/cjs/loader:235:24)\n    at Module.require (node:internal/modules/cjs/loader:1491:12)\n    at require (node:internal/modules/helpers:135:16)\n    at Object.<anonymous> (C:\\Users\\Eseth\\Desktop\\Projects\\Doctors\\doctors-backend\\src\\api\\middleware\\error.middleware.js:4:5)\n    at Module._compile (node:internal/modules/cjs/loader:1734:14)",
  "exception": true,
  "date": "Sun May 11 2025 21:24:05 GMT+0200 (South Africa Standard Time)",
  "process": {
    "pid": 1276,
    "uid": null,
    "gid": null,
    "cwd": "C:\\Users\\Eseth\\Desktop\\Projects\\Doctors\\doctors-backend",
    "execPath": "C:\\Program Files\\nodejs\\node.exe",
    "version": "v23.8.0",
    "argv": [
      "C:\\Program Files\\nodejs\\node.exe",
      "C:\\Users\\Eseth\\Desktop\\Projects\\Doctors\\doctors-backend\\src\\index.js"
    ],
    "memoryUsage": {
      "rss": 49848320,
      "heapTotal": 18866176,
      "heapUsed": 11506408,
      "external": 2039091,
      "arrayBuffers": 18851
    }
  },
  "os": {
    "loadavg": [
      0,
      0,
      0
    ],
    "uptime": 13734.25
  },
  "trace": [
    {
      "column": 15,
      "file": "node:internal/modules/cjs/loader",
      "function": "Function._resolveFilename",
      "line": 1405,
      "method": "_resolveFilename",
      "native": false
    },
    {
      "column": 19,
      "file": "node:internal/modules/cjs/loader",
      "function": "defaultResolveImpl",
      "line": 1061,
      "method": null,
      "native": false
    },
    {
      "column": 22,
      "file": "node:internal/modules/cjs/loader",
      "function": "resolveForCJSWithHooks",
      "line": 1066,
      "method": null,
      "native": false
    },
    {
      "column": 37,
      "file": "node:internal/modules/cjs/loader",
      "function": "Function._load",
      "line": 1215,
      "method": "_load",
      "native": false
    },
    {
      "column": 14,
      "file": "node:diagnostics_channel",
      "function": "TracingChannel.traceSync",
      "line": 322,
      "method": "traceSync",
      "native": false
    },
    {
      "column": 24,
      "file": "node:internal/modules/cjs/loader",
      "function": "wrapModuleLoad",
      "line": 235,
      "method": null,
      "native": false
    },
    {
      "column": 12,
      "file": "node:internal/modules/cjs/loader",
      "function": "Module.require",
      "line": 1491,
      "method": "require",
      "native": false
    },
    {
      "column": 16,
      "file": "node:internal/modules/helpers",
      "function": "require",
      "line": 135,
      "method": null,
      "native": false
    },
    {
      "column": 5,
      "file": "C:\\Users\\Eseth\\Desktop\\Projects\\Doctors\\doctors-backend\\src\\api\\middleware\\error.middleware.js",
      "function": null,
      "line": 4,
      "method": null,
      "native": false
    },
    {
      "column": 14,
      "file": "node:internal/modules/cjs/loader",
      "function": "Module._compile",
      "line": 1734,
      "method": "_compile",
      "native": false
    }
  ]
}
